<?xml version="1.0" encoding="UTF-8"?>
<testng-results skipped="0" failed="0" total="1" passed="1">
  <reporter-output>
  </reporter-output>
  <suite name="Suite" duration-ms="33091" started-at="2017-10-11T07:37:08Z" finished-at="2017-10-11T07:37:42Z">
    <groups>
    </groups>
    <test name="Test" duration-ms="33091" started-at="2017-10-11T07:37:08Z" finished-at="2017-10-11T07:37:42Z">
      <class name="testcases.NewTestMsgExcel">
        <test-method status="PASS" signature="setUp()[pri:0, instance:testcases.NewTestMsgExcel@439a83f3]" name="setUp" is-config="true" duration-ms="21079" started-at="2017-10-11T15:37:08Z" finished-at="2017-10-11T15:37:29Z">
          <reporter-output>
          </reporter-output>
        </test-method> <!-- setUp -->
        <test-method status="PASS" signature="testUntitled()[pri:0, instance:testcases.NewTestMsgExcel@439a83f3]" name="testUntitled" duration-ms="10530" started-at="2017-10-11T15:37:29Z" finished-at="2017-10-11T15:37:40Z">
          <reporter-output>
          </reporter-output>
        </test-method> <!-- testUntitled -->
        <test-method status="PASS" signature="tearDown()[pri:0, instance:testcases.NewTestMsgExcel@439a83f3]" name="tearDown" is-config="true" duration-ms="1482" started-at="2017-10-11T15:37:40Z" finished-at="2017-10-11T15:37:42Z">
          <reporter-output>
          </reporter-output>
        </test-method> <!-- tearDown -->
      </class> <!-- testcases.NewTestMsgExcel -->
    </test> <!-- Test -->
  </suite> <!-- Suite -->
</testng-results>
